<?xml version="1.0" encoding="UTF-8" ?>
<testsuite tests="9" failures="1" name="TestSuite" time="4.351" errors="0" skipped="8">
  <properties>
[...]
</properties>
  <testcase classname="com.qa.hubspot.tests.HomePageTest" name="setUp" time="0.464">
    <failure message="org/apache/http/HttpRequest" type="java.lang.NoClassDefFoundError">java.lang.NoClassDefFoundError: org/apache/http/HttpRequest
	at java.lang.ClassLoader.defineClass1(Native Method)
	at java.lang.ClassLoader.defineClass(ClassLoader.java:763)
	at java.security.SecureClassLoader.defineClass(SecureClassLoader.java:142)
	at java.net.URLClassLoader.defineClass(URLClassLoader.java:467)
	at java.net.URLClassLoader.access$100(URLClassLoader.java:73)
	at java.net.URLClassLoader$1.run(URLClassLoader.java:368)
	at java.net.URLClassLoader$1.run(URLClassLoader.java:362)
	at java.security.AccessController.doPrivileged(Native Method)
	at java.net.URLClassLoader.findClass(URLClassLoader.java:361)
	at java.lang.ClassLoader.loadClass(ClassLoader.java:424)
	at sun.misc.Launcher$AppClassLoader.loadClass(Launcher.java:349)
	at java.lang.ClassLoader.loadClass(ClassLoader.java:357)
	at java.lang.ClassLoader.defineClass1(Native Method)
	at java.lang.ClassLoader.defineClass(ClassLoader.java:763)
	at java.security.SecureClassLoader.defineClass(SecureClassLoader.java:142)
	at java.net.URLClassLoader.defineClass(URLClassLoader.java:467)
	at java.net.URLClassLoader.access$100(URLClassLoader.java:73)
	at java.net.URLClassLoader$1.run(URLClassLoader.java:368)
	at java.net.URLClassLoader$1.run(URLClassLoader.java:362)
	at java.security.AccessController.doPrivileged(Native Method)
	at java.net.URLClassLoader.findClass(URLClassLoader.java:361)
	at java.lang.ClassLoader.loadClass(ClassLoader.java:424)
	at sun.misc.Launcher$AppClassLoader.loadClass(Launcher.java:349)
	at java.lang.ClassLoader.loadClass(ClassLoader.java:357)
	at com.qa.hubspot.base.BasePage.init_driver(BasePage.java:30)
	at com.qa.hubspot.tests.HomePageTest.setUp(HomePageTest.java:32)
Caused by: java.lang.ClassNotFoundException: org.apache.http.HttpRequest
	at java.net.URLClassLoader.findClass(URLClassLoader.java:381)
	at java.lang.ClassLoader.loadClass(ClassLoader.java:424)
	at sun.misc.Launcher$AppClassLoader.loadClass(Launcher.java:349)
	at java.lang.ClassLoader.loadClass(ClassLoader.java:357)
	... 60 more
</failure>
    <system-out>Configuring TestNG with: org.apache.maven.surefire.testng.conf.TestNG652Configurator@13da15
browser name is:chrome
</system-out>
  </testcase>
  <testcase classname="com.qa.hubspot.tests.HomePageTest" name="setUp" time="0.465">
    <skipped/>
  </testcase>
  <testcase classname="com.qa.hubspot.tests.HomePageTest" name="verifyHomePageTitle" time="0.486">
    <skipped/>
  </testcase>
  <testcase classname="com.qa.hubspot.tests.LoginPageTest" name="verifyLoginPageTitleTest" time="0.488">
    <skipped/>
  </testcase>
  <testcase classname="com.qa.hubspot.tests.HomePageTest" name="verifyHomePageHeaderTest" time="0.489">
    <skipped/>
  </testcase>
  <testcase classname="com.qa.hubspot.tests.LoginPageTest" name="verifySignUpLinkTest" time="0.489">
    <skipped/>
  </testcase>
  <testcase classname="com.qa.hubspot.tests.LoginPageTest" name="loginTest" time="0.49">
    <skipped/>
  </testcase>
  <testcase classname="com.qa.hubspot.tests.HomePageTest" name="tearDown" time="0.49">
    <skipped/>
  </testcase>
  <testcase classname="com.qa.hubspot.tests.HomePageTest" name="tearDown" time="0.49">
    <skipped/>
  </testcase>
</testsuite>